# JRE version: OpenJDK Runtime Environment (7.0_75-b13) (build 1.7.0_75-b13)
# Java VM: OpenJDK 64-Bit Server VM (24.75-b04 mixed mode linux-amd64 compressed oops)
Heap
 PSYoungGen      total 167936K, used 13815K [0x00000000eaa80000, 0x00000000f5f80000, 0x0000000100000000)
  eden space 154112K, 0% used [0x00000000eaa80000,0x00000000eaa80000,0x00000000f4100000)
  from space 13824K, 99% used [0x00000000f4100000,0x00000000f4e7de28,0x00000000f4e80000)
  to   space 10240K, 0% used [0x00000000f4e80000,0x00000000f4e80000,0x00000000f5880000)
 ParOldGen       total 40448K, used 33210K [0x00000000c0000000, 0x00000000c2780000, 0x00000000eaa80000)
  object space 40448K, 82% used [0x00000000c0000000,0x00000000c206e830,0x00000000c2780000)
 PSPermGen       total 39936K, used 39867K [0x00000000b0000000, 0x00000000b2700000, 0x00000000c0000000)
  object space 39936K, 99% used [0x00000000b0000000,0x00000000b26eef30,0x00000000b2700000)
GC Heap History (10 events):
Event: 7.595 GC heap after
Heap after GC invocations=8 (full 0):
 PSYoungGen      total 68096K, used 2840K [0x00000000eaa80000, 0x00000000ef380000, 0x0000000100000000)
  eden space 61440K, 0% used [0x00000000eaa80000,0x00000000eaa80000,0x00000000ee680000)
  from space 6656K, 42% used [0x00000000eed00000,0x00000000eefc60f0,0x00000000ef380000)
  to   space 6656K, 0% used [0x00000000ee680000,0x00000000ee680000,0x00000000eed00000)
 ParOldGen       total 40448K, used 8025K [0x00000000c0000000, 0x00000000c2780000, 0x00000000eaa80000)
  object space 40448K, 19% used [0x00000000c0000000,0x00000000c07d6558,0x00000000c2780000)
 PSPermGen       total 21504K, used 20831K [0x00000000b0000000, 0x00000000b1500000, 0x00000000c0000000)
  object space 21504K, 96% used [0x00000000b0000000,0x00000000b1457fe0,0x00000000b1500000)
}
Event: 7.834 GC heap before
{Heap before GC invocations=9 (full 0):
 PSYoungGen      total 68096K, used 64280K [0x00000000eaa80000, 0x00000000ef380000, 0x0000000100000000)
  eden space 61440K, 100% used [0x00000000eaa80000,0x00000000ee680000,0x00000000ee680000)
  from space 6656K, 42% used [0x00000000eed00000,0x00000000eefc60f0,0x00000000ef380000)
  to   space 6656K, 0% used [0x00000000ee680000,0x00000000ee680000,0x00000000eed00000)
 ParOldGen       total 40448K, used 8025K [0x00000000c0000000, 0x00000000c2780000, 0x00000000eaa80000)
  object space 40448K, 19% used [0x00000000c0000000,0x00000000c07d6558,0x00000000c2780000)
 PSPermGen       total 21504K, used 20839K [0x00000000b0000000, 0x00000000b1500000, 0x00000000c0000000)
  object space 21504K, 96% used [0x00000000b0000000,0x00000000b1459c98,0x00000000b1500000)
Event: 7.840 GC heap after
Heap after GC invocations=9 (full 0):
 PSYoungGen      total 68096K, used 1860K [0x00000000eaa80000, 0x00000000f1880000, 0x0000000100000000)
  eden space 61440K, 0% used [0x00000000eaa80000,0x00000000eaa80000,0x00000000ee680000)
  from space 6656K, 27% used [0x00000000ee680000,0x00000000ee8510e0,0x00000000eed00000)
  to   space 7168K, 0% used [0x00000000f1180000,0x00000000f1180000,0x00000000f1880000)
 ParOldGen       total 40448K, used 9272K [0x00000000c0000000, 0x00000000c2780000, 0x00000000eaa80000)
  object space 40448K, 22% used [0x00000000c0000000,0x00000000c090e0a8,0x00000000c2780000)
 PSPermGen       total 21504K, used 20839K [0x00000000b0000000, 0x00000000b1500000, 0x00000000c0000000)
  object space 21504K, 96% used [0x00000000b0000000,0x00000000b1459c98,0x00000000b1500000)
}
Event: 9.960 GC heap before
{Heap before GC invocations=10 (full 0):
 PSYoungGen      total 68096K, used 63300K [0x00000000eaa80000, 0x00000000f1880000, 0x0000000100000000)
  eden space 61440K, 100% used [0x00000000eaa80000,0x00000000ee680000,0x00000000ee680000)
  from space 6656K, 27% used [0x00000000ee680000,0x00000000ee8510e0,0x00000000eed00000)
  to   space 7168K, 0% used [0x00000000f1180000,0x00000000f1180000,0x00000000f1880000)
 ParOldGen       total 40448K, used 9272K [0x00000000c0000000, 0x00000000c2780000, 0x00000000eaa80000)
  object space 40448K, 22% used [0x00000000c0000000,0x00000000c090e0a8,0x00000000c2780000)
 PSPermGen       total 24064K, used 23635K [0x00000000b0000000, 0x00000000b1780000, 0x00000000c0000000)
  object space 24064K, 98% used [0x00000000b0000000,0x00000000b1714c08,0x00000000b1780000)
Event: 9.977 GC heap after
Heap after GC invocations=10 (full 0):
 PSYoungGen      total 105472K, used 5533K [0x00000000eaa80000, 0x00000000f1880000, 0x0000000100000000)
  eden space 98304K, 0% used [0x00000000eaa80000,0x00000000eaa80000,0x00000000f0a80000)
  from space 7168K, 77% used [0x00000000f1180000,0x00000000f16e7428,0x00000000f1880000)
  to   space 7168K, 0% used [0x00000000f0a80000,0x00000000f0a80000,0x00000000f1180000)
 ParOldGen       total 40448K, used 10811K [0x00000000c0000000, 0x00000000c2780000, 0x00000000eaa80000)
  object space 40448K, 26% used [0x00000000c0000000,0x00000000c0a8edd8,0x00000000c2780000)
 PSPermGen       total 24064K, used 23635K [0x00000000b0000000, 0x00000000b1780000, 0x00000000c0000000)
  object space 24064K, 98% used [0x00000000b0000000,0x00000000b1714c08,0x00000000b1780000)
}
Event: 20.322 GC heap before
{Heap before GC invocations=11 (full 0):
 PSYoungGen      total 105472K, used 103837K [0x00000000eaa80000, 0x00000000f1880000, 0x0000000100000000)
  eden space 98304K, 100% used [0x00000000eaa80000,0x00000000f0a80000,0x00000000f0a80000)
  from space 7168K, 77% used [0x00000000f1180000,0x00000000f16e7428,0x00000000f1880000)
  to   space 7168K, 0% used [0x00000000f0a80000,0x00000000f0a80000,0x00000000f1180000)
 ParOldGen       total 40448K, used 10811K [0x00000000c0000000, 0x00000000c2780000, 0x00000000eaa80000)
  object space 40448K, 26% used [0x00000000c0000000,0x00000000c0a8edd8,0x00000000c2780000)
 PSPermGen       total 31232K, used 30860K [0x00000000b0000000, 0x00000000b1e80000, 0x00000000c0000000)
  object space 31232K, 98% used [0x00000000b0000000,0x00000000b1e23150,0x00000000b1e80000)
Event: 20.348 GC heap after
Heap after GC invocations=11 (full 0):
 PSYoungGen      total 105472K, used 7158K [0x00000000eaa80000, 0x00000000f5880000, 0x0000000100000000)
  eden space 98304K, 0% used [0x00000000eaa80000,0x00000000eaa80000,0x00000000f0a80000)
  from space 7168K, 99% used [0x00000000f0a80000,0x00000000f117dba8,0x00000000f1180000)
  to   space 10240K, 0% used [0x00000000f4e80000,0x00000000f4e80000,0x00000000f5880000)
 ParOldGen       total 40448K, used 16720K [0x00000000c0000000, 0x00000000c2780000, 0x00000000eaa80000)
  object space 40448K, 41% used [0x00000000c0000000,0x00000000c1054360,0x00000000c2780000)
 PSPermGen       total 31232K, used 30860K [0x00000000b0000000, 0x00000000b1e80000, 0x00000000c0000000)
  object space 31232K, 98% used [0x00000000b0000000,0x00000000b1e23150,0x00000000b1e80000)
}
Event: 81.777 GC heap before
{Heap before GC invocations=12 (full 0):
 PSYoungGen      total 105472K, used 105462K [0x00000000eaa80000, 0x00000000f5880000, 0x0000000100000000)
  eden space 98304K, 100% used [0x00000000eaa80000,0x00000000f0a80000,0x00000000f0a80000)
  from space 7168K, 99% used [0x00000000f0a80000,0x00000000f117dba8,0x00000000f1180000)
  to   space 10240K, 0% used [0x00000000f4e80000,0x00000000f4e80000,0x00000000f5880000)
 ParOldGen       total 40448K, used 16720K [0x00000000c0000000, 0x00000000c2780000, 0x00000000eaa80000)
  object space 40448K, 41% used [0x00000000c0000000,0x00000000c1054360,0x00000000c2780000)
 PSPermGen       total 34816K, used 34542K [0x00000000b0000000, 0x00000000b2200000, 0x00000000c0000000)
  object space 34816K, 99% used [0x00000000b0000000,0x00000000b21bbbf8,0x00000000b2200000)
Event: 81.921 GC heap after
Heap after GC invocations=12 (full 0):
 PSYoungGen      total 164352K, used 10237K [0x00000000eaa80000, 0x00000000f5f80000, 0x0000000100000000)
  eden space 154112K, 0% used [0x00000000eaa80000,0x00000000eaa80000,0x00000000f4100000)
  from space 10240K, 99% used [0x00000000f4e80000,0x00000000f587f440,0x00000000f5880000)
  to   space 13824K, 0% used [0x00000000f4100000,0x00000000f4100000,0x00000000f4e80000)
 ParOldGen       total 40448K, used 22175K [0x00000000c0000000, 0x00000000c2780000, 0x00000000eaa80000)
  object space 40448K, 54% used [0x00000000c0000000,0x00000000c15a7d88,0x00000000c2780000)
 PSPermGen       total 34816K, used 34542K [0x00000000b0000000, 0x00000000b2200000, 0x00000000c0000000)
  object space 34816K, 99% used [0x00000000b0000000,0x00000000b21bbbf8,0x00000000b2200000)
}
Event: 131.457 GC heap before
{Heap before GC invocations=13 (full 0):
 PSYoungGen      total 164352K, used 164349K [0x00000000eaa80000, 0x00000000f5f80000, 0x0000000100000000)
  eden space 154112K, 100% used [0x00000000eaa80000,0x00000000f4100000,0x00000000f4100000)
  from space 10240K, 99% used [0x00000000f4e80000,0x00000000f587f440,0x00000000f5880000)
  to   space 13824K, 0% used [0x00000000f4100000,0x00000000f4100000,0x00000000f4e80000)
 ParOldGen       total 40448K, used 22175K [0x00000000c0000000, 0x00000000c2780000, 0x00000000eaa80000)
  object space 40448K, 54% used [0x00000000c0000000,0x00000000c15a7d88,0x00000000c2780000)
 PSPermGen       total 39936K, used 39867K [0x00000000b0000000, 0x00000000b2700000, 0x00000000c0000000)
  object space 39936K, 99% used [0x00000000b0000000,0x00000000b26eef30,0x00000000b2700000)

